

<!DOCTYPE html>
<html>
<head>
<meta charset="UTF-8">
<meta name="viewport" content="width=device-width, initial-scale=1, shrink-to-fit=no">
<title></title>
<link rel="apple-touch-icon" href="https://cdn.jsdelivr.net/gh/extent-framework/extent-github-cdn@b00a2d0486596e73dd7326beacf352c639623a0e/commons/img/logo.png">
<link rel="shortcut icon" href="https://cdn.jsdelivr.net/gh/extent-framework/extent-github-cdn@b00a2d0486596e73dd7326beacf352c639623a0e/commons/img/logo.png">
<link href="https://cdn.jsdelivr.net/gh/extent-framework/extent-github-cdn@d6562a79075e061305ccfdb82f01e5e195e2d307/spark/css/spark-style.css" rel="stylesheet" />
<link href="https://stackpath.bootstrapcdn.com/font-awesome/4.7.0/css/font-awesome.min.css" rel="stylesheet">
<script src="https://cdn.jsdelivr.net/gh/extent-framework/extent-github-cdn@7cc78ce/spark/js/jsontree.js"></script>
<style type="text/css"></style></head><body class="spa bdd-report standard">
  <div class="app">
    <div class="layout">
<div class="header navbar">
<div class="vheader">
<div class="nav-logo">
<a href="#">
<div class="logo" style="background-image: url('https://cdn.jsdelivr.net/gh/extent-framework/extent-github-cdn@b00a2d0486596e73dd7326beacf352c639623a0e/commons/img/logo.png')"></div>
</a>
</div>
<ul class="nav-left">
<li class="search-box">
<a class="search-toggle" href="#">
<i class="search-icon fa fa-search"></i>
<i class="search-icon-close fa fa-close"></i>
</a>
</li>
<li class="search-input"><input id="search-tests" class="form-control" type="text" placeholder="Search..."></li>
</ul>
<ul class="nav-right">
<li class="m-r-10">
<a href="#"><span class="badge badge-primary"></span></a>
</li>
<li class="m-r-10">
<a href="#"><span class="badge badge-primary">Jul 9, 2025 09:41:30 AM</span></a>
</li>
</ul>
</div>
</div><div class="side-nav">
<div class="side-nav-inner">
<ul class="side-nav-menu">
<li class="nav-item dropdown" onclick="toggleView('test-view')">
<a id="nav-test" class="dropdown-toggle" href="#">
<span class="ico"><i class="fa fa-list"></i></span>
</a>
</li>
<li class="nav-item dropdown" onclick="toggleView('exception-view')">
<a id="nav-exception" class="dropdown-toggle" href="#">
<span class="ico"><i class="fa fa-bug"></i></span>
</a>
</li>
<li class="nav-item dropdown" onclick="toggleView('dashboard-view')">
<a id="nav-dashboard" class="dropdown-toggle" href="#">
<span class="ico"><i class="fa fa-bar-chart"></i></span>
</a>
</li>
</ul>
</div>
</div>      <div class="vcontainer">
        <div class="main-content">
<div class="test-wrapper row view test-view">
  <div class="test-list">
    <div class="test-list-tools">
<ul class="tools pull-left">
<li><a href="#"><span class="font-size-14">Tests</span></a></li>
</ul>
<ul class="tools text-right">
<li class="dropdown">
<a href="#" class="dropdown-toggle" data-toggle="dropdown"><i class="fa fa-exclamation-circle"></i></a>
<ul id="status-toggle" class="dropdown-menu dropdown-md p-v-0">
<a class="dropdown-item" status="pass" href="#"><span>Pass</span><span class="status success"></span></a>
<a class="dropdown-item" status="fail" href="#"><span>Fail</span><span class="status danger"></span></a>
<div class="dropdown-divider"></div>
<a status="clear" class="dropdown-item" href="#"><span>Clear</span><span class="pull-right"><i class="fa fa-close"></i></span></a>
</ul>
</li>
</ul>
</div>    <div class="test-list-wrapper scrollable">
      <ul class="test-list-item">
        <li class="test-item"  status="fail" test-id="1"
          author=""
          tag=""
          device="">
          <div class="test-detail">
            <p class="name">Course Search and Details Extraction</p>
            <p class="text-sm">
              <span>9:41:31 AM</span> / <span>00:00:19:776</span>
              <span class="badge fail-bg log float-right">Fail</span>
            </p>
          </div>
          <div class="test-contents d-none">
<div class="detail-head">
<div class="p-v-10">
<div class="info">
<h5 class="test-status text-fail">Course Search and Details Extraction</h5>
<span class='badge badge-success'>07.09.2025 9:41:31 AM</span>
<span class='badge badge-danger'>07.09.2025 9:41:51 AM</span>
<span class='badge badge-default'>00:00:19:776</span>
&middot; <span class='uri-anchor badge badge-default'>#test-id=1</span>
<span class='badge badge-default pointer float-right ml-1 et'><i class="fa fa-chevron-down"></i></span>
<span class='badge badge-default pointer float-right ct'><i class="fa fa-chevron-up"></i></span>
</div>
<div class="m-t-10 m-l-5"></div>
</div>
</div>
<div class="accordion mt-4">
  <div class="card">
    <div class="card-header" role="tab">
      <div class="card-title">
        <div class="node" id="2"><span class="badge log fail-bg mr-2">Fail</span>Search and extract details of multiple courses</div>
          <div class="status-avatar float-right mr-4">
            <i class="fa fa-paperclip"></i>
          </div>
      </div>
    </div>
        <div class="">
          <div class="card-body">
              <div class="step pass-bg" title="stepsDefination.TestCase001.the_user_is_on_the_coursera_homepage()">
                <span>Given the user is on the Coursera homepage</span>
      <div>
      </div>
              </div>
              <div class="step fail-bg" title="stepsDefination.TestCase001.the_user_searches_for(java.lang.String)">
                <span>When the user searches for "Web Development"</span>
      <div>
        <textarea disabled class="code-block">org.openqa.selenium.TimeoutException: Expected condition failed: waiting for element to be clickable: [[ChromeDriver: chrome on windows (e628ef2f5b5466aea73e30590503583a)] -> id: search-autocomplete-input] (tried for 10 second(s) with 500 milliseconds interval)
Build info: version: '4.34.0', revision: '707dcb4246*'
System info: os.name: 'Windows 11', os.arch: 'amd64', os.version: '10.0', java.version: '21.0.7'
Driver info: org.openqa.selenium.chrome.ChromeDriver
Capabilities {acceptInsecureCerts: false, browserName: chrome, browserVersion: 137.0.7151.69, chrome: {chromedriverVersion: 137.0.7151.119 (e0ac9d12dff..., userDataDir: C:\Users\2403717\AppData\Lo...}, fedcm:accounts: true, goog:chromeOptions: {debuggerAddress: localhost:57663}, networkConnectionEnabled: false, pageLoadStrategy: normal, platformName: windows, proxy: Proxy(), se:cdp: ws://localhost:57663/devtoo..., se:cdpVersion: 137.0.7151.69, setWindowRect: true, strictFileInteractability: false, timeouts: {implicit: 0, pageLoad: 300000, script: 30000}, unhandledPromptBehavior: dismiss and notify, webauthn:extension:credBlob: true, webauthn:extension:largeBlob: true, webauthn:extension:minPinLength: true, webauthn:extension:prf: true, webauthn:virtualAuthenticators: true}
Session ID: e628ef2f5b5466aea73e30590503583a
	at org.openqa.selenium.support.ui.WebDriverWait.timeoutException(WebDriverWait.java:84)
	at org.openqa.selenium.support.ui.FluentWait.until(FluentWait.java:228)
	at pageObjects.HomePage.setSearchBar(HomePage.java:61)
	at stepsDefination.TestCase001.the_user_searches_for(TestCase001.java:31)
	at ✽.the user searches for "Web Development"(file:///C:/Personal/Automation/workspace/CourseraAutomation/features/testCase001.feature:5)
</textarea>
      
      </div>
              </div>
              <div class="step pass-bg" title="AFTER_STEP">
                <span>hooks.Hooks.addScreenshot(io.cucumber.java.Scenario)</span>
      <div>Failure Screenshot
          <div class="row mb-3"><div class="col-md-3">
<img data-featherlight='../Screenshots/embedded1.png' src="../Screenshots/embedded1.png">
    
    </div></div>
</div>
      <div>
      </div>
              </div>
              <div class="step skip-bg" title="stepsDefination.TestCase001.filters_the_results_by_language(java.lang.String)">
                <span>And filters the results by language "English"</span>
      <div>Step skipped
      </div>
              </div>
              <div class="step skip-bg" title="stepsDefination.TestCase001.filters_the_results_by_level(java.lang.String)">
                <span>And filters the results by level "Beginner"</span>
      <div>Step skipped
      </div>
              </div>
              <div class="step skip-bg" title="stepsDefination.TestCase001.selects_the_first_n_courses_from_the_results(int)">
                <span>And selects the first 5 courses from the results</span>
      <div>Step skipped
      </div>
              </div>
              <div class="step skip-bg" title="stepsDefination.TestCase001.the_course_titles_ratings_and_durations_should_be_displayed()">
                <span>Then the course titles, ratings, and durations should be displayed</span>
      <div>Step skipped
      </div>
              </div>
          </div>
        </div>
  </div>
</div>
          </div>
        </li>
        <li class="test-item"  status="fail" test-id="17"
          author=""
          tag=""
          device="">
          <div class="test-detail">
            <p class="name">Display available languages for a searched course</p>
            <p class="text-sm">
              <span>9:41:51 AM</span> / <span>00:00:18:068</span>
              <span class="badge fail-bg log float-right">Fail</span>
            </p>
          </div>
          <div class="test-contents d-none">
<div class="detail-head">
<div class="p-v-10">
<div class="info">
<h5 class="test-status text-fail">Display available languages for a searched course</h5>
<span class='badge badge-success'>07.09.2025 9:41:51 AM</span>
<span class='badge badge-danger'>07.09.2025 9:42:09 AM</span>
<span class='badge badge-default'>00:00:18:068</span>
&middot; <span class='uri-anchor badge badge-default'>#test-id=17</span>
<span class='badge badge-default pointer float-right ml-1 et'><i class="fa fa-chevron-down"></i></span>
<span class='badge badge-default pointer float-right ct'><i class="fa fa-chevron-up"></i></span>
</div>
<div class="m-t-10 m-l-5"></div>
</div>
</div>
<div class="accordion mt-4">
  <div class="card">
    <div class="card-header" role="tab">
      <div class="card-title">
        <div class="node" id="18"><span class="badge log fail-bg mr-2">Fail</span>List all available languages for Web Development courses</div>
          <div class="status-avatar float-right mr-4">
            <i class="fa fa-paperclip"></i>
          </div>
      </div>
    </div>
        <div class="">
          <div class="card-body">
              <div class="step pass-bg" title="stepsDefination.TestCase001.the_user_is_on_the_coursera_homepage()">
                <span>Given the user is on the Coursera homepage</span>
      <div>
      </div>
              </div>
              <div class="step fail-bg" title="stepsDefination.TestCase001.the_user_searches_for(java.lang.String)">
                <span>When the user searches for "Web Development"</span>
      <div>
        <textarea disabled class="code-block">org.openqa.selenium.TimeoutException: Expected condition failed: waiting for element to be clickable: [[ChromeDriver: chrome on windows (ec0c9a74d95c6631aaa3ae033a24cfec)] -> id: search-autocomplete-input] (tried for 10 second(s) with 500 milliseconds interval)
Build info: version: '4.34.0', revision: '707dcb4246*'
System info: os.name: 'Windows 11', os.arch: 'amd64', os.version: '10.0', java.version: '21.0.7'
Driver info: org.openqa.selenium.chrome.ChromeDriver
Capabilities {acceptInsecureCerts: false, browserName: chrome, browserVersion: 137.0.7151.69, chrome: {chromedriverVersion: 137.0.7151.119 (e0ac9d12dff..., userDataDir: C:\Users\2403717\AppData\Lo...}, fedcm:accounts: true, goog:chromeOptions: {debuggerAddress: localhost:57749}, networkConnectionEnabled: false, pageLoadStrategy: normal, platformName: windows, proxy: Proxy(), se:cdp: ws://localhost:57749/devtoo..., se:cdpVersion: 137.0.7151.69, setWindowRect: true, strictFileInteractability: false, timeouts: {implicit: 0, pageLoad: 300000, script: 30000}, unhandledPromptBehavior: dismiss and notify, webauthn:extension:credBlob: true, webauthn:extension:largeBlob: true, webauthn:extension:minPinLength: true, webauthn:extension:prf: true, webauthn:virtualAuthenticators: true}
Session ID: ec0c9a74d95c6631aaa3ae033a24cfec
	at org.openqa.selenium.support.ui.WebDriverWait.timeoutException(WebDriverWait.java:84)
	at org.openqa.selenium.support.ui.FluentWait.until(FluentWait.java:228)
	at pageObjects.HomePage.setSearchBar(HomePage.java:61)
	at stepsDefination.TestCase001.the_user_searches_for(TestCase001.java:31)
	at ✽.the user searches for "Web Development"(file:///C:/Personal/Automation/workspace/CourseraAutomation/features/testCase002.feature:5)
</textarea>
      
      </div>
              </div>
              <div class="step pass-bg" title="AFTER_STEP">
                <span>hooks.Hooks.addScreenshot(io.cucumber.java.Scenario)</span>
      <div>Failure Screenshot
          <div class="row mb-3"><div class="col-md-3">
<img data-featherlight='../Screenshots/embedded2.png' src="../Screenshots/embedded2.png">
    
    </div></div>
</div>
      <div>
      </div>
              </div>
              <div class="step skip-bg" title="stepsDefination.TestCase001.filters_the_results_by_language(java.lang.String)">
                <span>And filters the results by language "English"</span>
      <div>Step skipped
      </div>
              </div>
              <div class="step skip-bg" title="stepsDefination.TestCase001.filters_the_results_by_level(java.lang.String)">
                <span>And filters the results by level "Beginner"</span>
      <div>Step skipped
      </div>
              </div>
              <div class="step skip-bg" title="stepsDefination.TestCase002.the_list_of_available_languages_should_be_displayed()">
                <span>Then the list of available languages should be displayed</span>
      <div>Step skipped
      </div>
              </div>
          </div>
        </div>
  </div>
</div>
          </div>
        </li>
        <li class="test-item"  status="fail" test-id="31"
          author=""
          tag=""
          device="">
          <div class="test-detail">
            <p class="name">Government form validation</p>
            <p class="text-sm">
              <span>9:42:09 AM</span> / <span>00:00:18:310</span>
              <span class="badge fail-bg log float-right">Fail</span>
            </p>
          </div>
          <div class="test-contents d-none">
<div class="detail-head">
<div class="p-v-10">
<div class="info">
<h5 class="test-status text-fail">Government form validation</h5>
<span class='badge badge-success'>07.09.2025 9:42:09 AM</span>
<span class='badge badge-danger'>07.09.2025 9:42:27 AM</span>
<span class='badge badge-default'>00:00:18:310</span>
&middot; <span class='uri-anchor badge badge-default'>#test-id=31</span>
<span class='badge badge-default pointer float-right ml-1 et'><i class="fa fa-chevron-down"></i></span>
<span class='badge badge-default pointer float-right ct'><i class="fa fa-chevron-up"></i></span>
</div>
<div class="m-t-10 m-l-5"></div>
</div>
</div>
<div class="accordion mt-4">
  <div class="card">
    <div class="card-header" role="tab">
      <div class="card-title">
        <div class="node" id="32"><span class="badge log fail-bg mr-2">Fail</span>Submit invalid email and phone number and verify error messages</div>
          <div class="status-avatar float-right mr-4">
            <i class="fa fa-paperclip"></i>
          </div>
      </div>
    </div>
        <div class="">
          <div class="card-body">
              <div class="step pass-bg" title="stepsDefination.CommonSteps.the_user_is_on_the_homepage()">
                <span>Given the user is on the homepage</span>
      <div>
      </div>
              </div>
              <div class="step fail-bg" title="stepsDefination.TestCase006.the_user_navigates_to_the_for_business_section()">
                <span>Then the user navigates to the For Business section</span>
      <div>
        <textarea disabled class="code-block">org.openqa.selenium.ElementNotInteractableException: element not interactable
  (Session info: chrome=137.0.7151.69)
Build info: version: '4.34.0', revision: '707dcb4246*'
System info: os.name: 'Windows 11', os.arch: 'amd64', os.version: '10.0', java.version: '21.0.7'
Driver info: org.openqa.selenium.chrome.ChromeDriver
Command: [93abca13df33bfe13fc41ebc692b21ce, clickElement {id=f.ED19803433A608AE49B428CC0B742FB6.d.F5AF57E3856268CC40F1B35C5DE82CCC.e.28}]
Capabilities {acceptInsecureCerts: false, browserName: chrome, browserVersion: 137.0.7151.69, chrome: {chromedriverVersion: 137.0.7151.119 (e0ac9d12dff..., userDataDir: C:\Users\2403717\AppData\Lo...}, fedcm:accounts: true, goog:chromeOptions: {debuggerAddress: localhost:57842}, networkConnectionEnabled: false, pageLoadStrategy: normal, platformName: windows, proxy: Proxy(), se:cdp: ws://localhost:57842/devtoo..., se:cdpVersion: 137.0.7151.69, setWindowRect: true, strictFileInteractability: false, timeouts: {implicit: 0, pageLoad: 300000, script: 30000}, unhandledPromptBehavior: dismiss and notify, webauthn:extension:credBlob: true, webauthn:extension:largeBlob: true, webauthn:extension:minPinLength: true, webauthn:extension:prf: true, webauthn:virtualAuthenticators: true}
Element: [[ChromeDriver: chrome on windows (93abca13df33bfe13fc41ebc692b21ce)] -> xpath: //a[@data-click-key='front_page.front_page_story.click.navigation_meta_nav_Business']]
Session ID: 93abca13df33bfe13fc41ebc692b21ce
	at java.base/jdk.internal.reflect.DirectConstructorHandleAccessor.newInstance(DirectConstructorHandleAccessor.java:62)
	at java.base/java.lang.reflect.Constructor.newInstanceWithCaller(Constructor.java:502)
	at java.base/java.lang.reflect.Constructor.newInstance(Constructor.java:486)
	at org.openqa.selenium.remote.ErrorCodec.decode(ErrorCodec.java:167)
	at org.openqa.selenium.remote.codec.w3c.W3CHttpResponseCodec.decode(W3CHttpResponseCodec.java:138)
	at org.openqa.selenium.remote.codec.w3c.W3CHttpResponseCodec.decode(W3CHttpResponseCodec.java:50)
	at org.openqa.selenium.remote.HttpCommandExecutor.execute(HttpCommandExecutor.java:215)
	at org.openqa.selenium.remote.service.DriverCommandExecutor.invokeExecute(DriverCommandExecutor.java:216)
	at org.openqa.selenium.remote.service.DriverCommandExecutor.execute(DriverCommandExecutor.java:174)
	at org.openqa.selenium.remote.RemoteWebDriver.execute(RemoteWebDriver.java:544)
	at org.openqa.selenium.remote.RemoteWebElement.execute(RemoteWebElement.java:223)
	at org.openqa.selenium.remote.RemoteWebElement.click(RemoteWebElement.java:76)
	at java.base/jdk.internal.reflect.DirectMethodHandleAccessor.invoke(DirectMethodHandleAccessor.java:103)
	at java.base/java.lang.reflect.Method.invoke(Method.java:580)
	at org.openqa.selenium.support.pagefactory.internal.LocatingElementHandler.invoke(LocatingElementHandler.java:51)
	at jdk.proxy2/jdk.proxy2.$Proxy25.click(Unknown Source)
	at pageObjects.HomePage.clickForBusiness(HomePage.java:51)
	at stepsDefination.TestCase006.the_user_navigates_to_the_for_business_section(TestCase006.java:16)
	at ✽.the user navigates to the For Business section(file:///C:/Personal/Automation/workspace/CourseraAutomation/features/testCase003.feature:5)
</textarea>
      
      </div>
              </div>
              <div class="step pass-bg" title="AFTER_STEP">
                <span>hooks.Hooks.addScreenshot(io.cucumber.java.Scenario)</span>
      <div>Failure Screenshot
          <div class="row mb-3"><div class="col-md-3">
<img data-featherlight='../Screenshots/embedded3.png' src="../Screenshots/embedded3.png">
    
    </div></div>
</div>
      <div>
      </div>
              </div>
              <div class="step skip-bg" title="stepsDefination.TestCase003.the_user_fills_out_the_government_request_form_with_invalid_email_and_phone_number()">
                <span>When the user fills out the government request form with invalid email and phone number</span>
      <div>Step skipped
      </div>
              </div>
              <div class="step skip-bg" title="stepsDefination.TestCase003.submits_the_request_for_information()">
                <span>And submits the request for information</span>
      <div>Step skipped
      </div>
              </div>
              <div class="step skip-bg" title="stepsDefination.TestCase003.the_application_should_display_appropriate_error_messages_for_email_and_phone_number()">
                <span>Then the application should display appropriate error messages for email and phone number</span>
      <div>Step skipped
      </div>
              </div>
          </div>
        </div>
  </div>
</div>
          </div>
        </li>
        <li class="test-item"  status="pass" test-id="45"
          author=""
          tag=""
          device="">
          <div class="test-detail">
            <p class="name">Extract and display partner information</p>
            <p class="text-sm">
              <span>9:42:27 AM</span> / <span>00:00:15:167</span>
              <span class="badge pass-bg log float-right">Pass</span>
            </p>
          </div>
          <div class="test-contents d-none">
<div class="detail-head">
<div class="p-v-10">
<div class="info">
<h5 class="test-status text-pass">Extract and display partner information</h5>
<span class='badge badge-success'>07.09.2025 9:42:27 AM</span>
<span class='badge badge-danger'>07.09.2025 9:42:42 AM</span>
<span class='badge badge-default'>00:00:15:167</span>
&middot; <span class='uri-anchor badge badge-default'>#test-id=45</span>
<span class='badge badge-default pointer float-right ml-1 et'><i class="fa fa-chevron-down"></i></span>
<span class='badge badge-default pointer float-right ct'><i class="fa fa-chevron-up"></i></span>
</div>
<div class="m-t-10 m-l-5"></div>
</div>
</div>
<div class="accordion mt-4">
  <div class="card">
    <div class="card-header" role="tab">
      <div class="card-title">
        <div class="node" id="46"><span class="badge log pass-bg mr-2">Pass</span>Display all India partner links, logos, and names</div>
      </div>
    </div>
        <div class="collapse">
          <div class="card-body">
              <div class="step pass-bg" title="stepsDefination.CommonSteps.the_user_is_on_the_homepage()">
                <span>Given the user is on the homepage</span>
      <div>
      </div>
              </div>
              <div class="step pass-bg" title="stepsDefination.TestCase004.the_user_navigates_to_the_partners_section()">
                <span>Then the user navigates to the Partners section</span>
      <div>
      </div>
              </div>
              <div class="step pass-bg" title="stepsDefination.TestCase004.opens_the_india_partners_list()">
                <span>And opens the India Partners list</span>
      <div>
      </div>
              </div>
              <div class="step pass-bg" title="stepsDefination.TestCase004.the_application_should_display_all_partner_links_logo_visibility_and_names()">
                <span>Then the application should display all partner links, logo visibility, and names</span>
      <div>
      </div>
              </div>
          </div>
        </div>
  </div>
</div>
          </div>
        </li>
        <li class="test-item"  status="fail" test-id="57"
          author=""
          tag=""
          device="">
          <div class="test-detail">
            <p class="name">Extract and display online degree program information</p>
            <p class="text-sm">
              <span>9:42:42 AM</span> / <span>00:00:17:552</span>
              <span class="badge fail-bg log float-right">Fail</span>
            </p>
          </div>
          <div class="test-contents d-none">
<div class="detail-head">
<div class="p-v-10">
<div class="info">
<h5 class="test-status text-fail">Extract and display online degree program information</h5>
<span class='badge badge-success'>07.09.2025 9:42:42 AM</span>
<span class='badge badge-danger'>07.09.2025 9:43:00 AM</span>
<span class='badge badge-default'>00:00:17:552</span>
&middot; <span class='uri-anchor badge badge-default'>#test-id=57</span>
<span class='badge badge-default pointer float-right ml-1 et'><i class="fa fa-chevron-down"></i></span>
<span class='badge badge-default pointer float-right ct'><i class="fa fa-chevron-up"></i></span>
</div>
<div class="m-t-10 m-l-5"></div>
</div>
</div>
<div class="accordion mt-4">
  <div class="card">
    <div class="card-header" role="tab">
      <div class="card-title">
        <div class="node" id="58"><span class="badge log fail-bg mr-2">Fail</span>Filter and display online degree programs by level and subject</div>
          <div class="status-avatar float-right mr-4">
            <i class="fa fa-paperclip"></i>
          </div>
      </div>
    </div>
        <div class="">
          <div class="card-body">
              <div class="step pass-bg" title="stepsDefination.CommonSteps.the_user_is_on_the_homepage()">
                <span>Given the user is on the homepage</span>
      <div>
      </div>
              </div>
              <div class="step fail-bg" title="stepsDefination.TestCase005.the_user_navigates_to_the_online_degrees_section()">
                <span>When the user navigates to the Online Degrees section</span>
      <div>
        <textarea disabled class="code-block">org.openqa.selenium.ElementNotInteractableException: element not interactable
  (Session info: chrome=137.0.7151.69)
Build info: version: '4.34.0', revision: '707dcb4246*'
System info: os.name: 'Windows 11', os.arch: 'amd64', os.version: '10.0', java.version: '21.0.7'
Driver info: org.openqa.selenium.chrome.ChromeDriver
Command: [340464a4d576959334f9f235ef5b68ac, clickElement {id=f.236571C40143D200447031D67F95F39A.d.AC07ACACA2E9D8398B5FF105A3887330.e.30}]
Capabilities {acceptInsecureCerts: false, browserName: chrome, browserVersion: 137.0.7151.69, chrome: {chromedriverVersion: 137.0.7151.119 (e0ac9d12dff..., userDataDir: C:\Users\2403717\AppData\Lo...}, fedcm:accounts: true, goog:chromeOptions: {debuggerAddress: localhost:58026}, networkConnectionEnabled: false, pageLoadStrategy: normal, platformName: windows, proxy: Proxy(), se:cdp: ws://localhost:58026/devtoo..., se:cdpVersion: 137.0.7151.69, setWindowRect: true, strictFileInteractability: false, timeouts: {implicit: 0, pageLoad: 300000, script: 30000}, unhandledPromptBehavior: dismiss and notify, webauthn:extension:credBlob: true, webauthn:extension:largeBlob: true, webauthn:extension:minPinLength: true, webauthn:extension:prf: true, webauthn:virtualAuthenticators: true}
Element: [[ChromeDriver: chrome on windows (340464a4d576959334f9f235ef5b68ac)] -> xpath: //a[normalize-space()='Online Degrees']]
Session ID: 340464a4d576959334f9f235ef5b68ac
	at java.base/jdk.internal.reflect.DirectConstructorHandleAccessor.newInstance(DirectConstructorHandleAccessor.java:62)
	at java.base/java.lang.reflect.Constructor.newInstanceWithCaller(Constructor.java:502)
	at java.base/java.lang.reflect.Constructor.newInstance(Constructor.java:486)
	at org.openqa.selenium.remote.ErrorCodec.decode(ErrorCodec.java:167)
	at org.openqa.selenium.remote.codec.w3c.W3CHttpResponseCodec.decode(W3CHttpResponseCodec.java:138)
	at org.openqa.selenium.remote.codec.w3c.W3CHttpResponseCodec.decode(W3CHttpResponseCodec.java:50)
	at org.openqa.selenium.remote.HttpCommandExecutor.execute(HttpCommandExecutor.java:215)
	at org.openqa.selenium.remote.service.DriverCommandExecutor.invokeExecute(DriverCommandExecutor.java:216)
	at org.openqa.selenium.remote.service.DriverCommandExecutor.execute(DriverCommandExecutor.java:174)
	at org.openqa.selenium.remote.RemoteWebDriver.execute(RemoteWebDriver.java:544)
	at org.openqa.selenium.remote.RemoteWebElement.execute(RemoteWebElement.java:223)
	at org.openqa.selenium.remote.RemoteWebElement.click(RemoteWebElement.java:76)
	at java.base/jdk.internal.reflect.DirectMethodHandleAccessor.invoke(DirectMethodHandleAccessor.java:103)
	at java.base/java.lang.reflect.Method.invoke(Method.java:580)
	at org.openqa.selenium.support.pagefactory.internal.LocatingElementHandler.invoke(LocatingElementHandler.java:51)
	at jdk.proxy2/jdk.proxy2.$Proxy25.click(Unknown Source)
	at pageObjects.HomePage.clickOnlineDegree(HomePage.java:70)
	at stepsDefination.TestCase005.the_user_navigates_to_the_online_degrees_section(TestCase005.java:18)
	at ✽.the user navigates to the Online Degrees section(file:///C:/Personal/Automation/workspace/CourseraAutomation/features/testCase005.feature:5)
</textarea>
      
      </div>
              </div>
              <div class="step pass-bg" title="AFTER_STEP">
                <span>hooks.Hooks.addScreenshot(io.cucumber.java.Scenario)</span>
      <div>Failure Screenshot
          <div class="row mb-3"><div class="col-md-3">
<img data-featherlight='../Screenshots/embedded4.png' src="../Screenshots/embedded4.png">
    
    </div></div>
</div>
      <div>
      </div>
              </div>
              <div class="step skip-bg" title="stepsDefination.TestCase005.selects_a_random_program_level_filter()">
                <span>And selects a random program level filter</span>
      <div>Step skipped
      </div>
              </div>
              <div class="step skip-bg" title="stepsDefination.TestCase005.selects_a_random_subject_filter()">
                <span>And selects a random subject filter</span>
      <div>Step skipped
      </div>
              </div>
              <div class="step skip-bg" title="stepsDefination.TestCase005.the_application_should_display_the_total_number_of_results_and_degree_card_details()">
                <span>Then the application should display the total number of results and degree card details</span>
      <div>Step skipped
      </div>
              </div>
          </div>
        </div>
  </div>
</div>
          </div>
        </li>
        <li class="test-item"  status="fail" test-id="71"
          author=""
          tag=""
          device="">
          <div class="test-detail">
            <p class="name">For Business Plan Selection</p>
            <p class="text-sm">
              <span>9:43:00 AM</span> / <span>00:00:17:677</span>
              <span class="badge fail-bg log float-right">Fail</span>
            </p>
          </div>
          <div class="test-contents d-none">
<div class="detail-head">
<div class="p-v-10">
<div class="info">
<h5 class="test-status text-fail">For Business Plan Selection</h5>
<span class='badge badge-success'>07.09.2025 9:43:00 AM</span>
<span class='badge badge-danger'>07.09.2025 9:43:17 AM</span>
<span class='badge badge-default'>00:00:17:677</span>
&middot; <span class='uri-anchor badge badge-default'>#test-id=71</span>
<span class='badge badge-default pointer float-right ml-1 et'><i class="fa fa-chevron-down"></i></span>
<span class='badge badge-default pointer float-right ct'><i class="fa fa-chevron-up"></i></span>
</div>
<div class="m-t-10 m-l-5"></div>
</div>
</div>
<div class="accordion mt-4">
  <div class="card">
    <div class="card-header" role="tab">
      <div class="card-title">
        <div class="node" id="72"><span class="badge log fail-bg mr-2">Fail</span>Select a business plan and display purchase summary</div>
          <div class="status-avatar float-right mr-4">
            <i class="fa fa-paperclip"></i>
          </div>
      </div>
    </div>
        <div class="">
          <div class="card-body">
              <div class="step pass-bg" title="stepsDefination.CommonSteps.the_user_is_on_the_homepage()">
                <span>Given the user is on the homepage</span>
      <div>
      </div>
              </div>
              <div class="step fail-bg" title="stepsDefination.TestCase006.the_user_navigates_to_the_for_business_section()">
                <span>Then the user navigates to the For Business section</span>
      <div>
        <textarea disabled class="code-block">org.openqa.selenium.ElementNotInteractableException: element not interactable
  (Session info: chrome=137.0.7151.69)
Build info: version: '4.34.0', revision: '707dcb4246*'
System info: os.name: 'Windows 11', os.arch: 'amd64', os.version: '10.0', java.version: '21.0.7'
Driver info: org.openqa.selenium.chrome.ChromeDriver
Command: [b2c8da88ec0847816016be119a80ad2f, clickElement {id=f.72C081969CDB1E19895961A92F0D3703.d.4EBCA62AA9002F9A49C099B70212179B.e.45}]
Capabilities {acceptInsecureCerts: false, browserName: chrome, browserVersion: 137.0.7151.69, chrome: {chromedriverVersion: 137.0.7151.119 (e0ac9d12dff..., userDataDir: C:\Users\2403717\AppData\Lo...}, fedcm:accounts: true, goog:chromeOptions: {debuggerAddress: localhost:58117}, networkConnectionEnabled: false, pageLoadStrategy: normal, platformName: windows, proxy: Proxy(), se:cdp: ws://localhost:58117/devtoo..., se:cdpVersion: 137.0.7151.69, setWindowRect: true, strictFileInteractability: false, timeouts: {implicit: 0, pageLoad: 300000, script: 30000}, unhandledPromptBehavior: dismiss and notify, webauthn:extension:credBlob: true, webauthn:extension:largeBlob: true, webauthn:extension:minPinLength: true, webauthn:extension:prf: true, webauthn:virtualAuthenticators: true}
Element: [[ChromeDriver: chrome on windows (b2c8da88ec0847816016be119a80ad2f)] -> xpath: //a[@data-click-key='front_page.front_page_story.click.navigation_meta_nav_Business']]
Session ID: b2c8da88ec0847816016be119a80ad2f
	at java.base/jdk.internal.reflect.DirectConstructorHandleAccessor.newInstance(DirectConstructorHandleAccessor.java:62)
	at java.base/java.lang.reflect.Constructor.newInstanceWithCaller(Constructor.java:502)
	at java.base/java.lang.reflect.Constructor.newInstance(Constructor.java:486)
	at org.openqa.selenium.remote.ErrorCodec.decode(ErrorCodec.java:167)
	at org.openqa.selenium.remote.codec.w3c.W3CHttpResponseCodec.decode(W3CHttpResponseCodec.java:138)
	at org.openqa.selenium.remote.codec.w3c.W3CHttpResponseCodec.decode(W3CHttpResponseCodec.java:50)
	at org.openqa.selenium.remote.HttpCommandExecutor.execute(HttpCommandExecutor.java:215)
	at org.openqa.selenium.remote.service.DriverCommandExecutor.invokeExecute(DriverCommandExecutor.java:216)
	at org.openqa.selenium.remote.service.DriverCommandExecutor.execute(DriverCommandExecutor.java:174)
	at org.openqa.selenium.remote.RemoteWebDriver.execute(RemoteWebDriver.java:544)
	at org.openqa.selenium.remote.RemoteWebElement.execute(RemoteWebElement.java:223)
	at org.openqa.selenium.remote.RemoteWebElement.click(RemoteWebElement.java:76)
	at java.base/jdk.internal.reflect.DirectMethodHandleAccessor.invoke(DirectMethodHandleAccessor.java:103)
	at java.base/java.lang.reflect.Method.invoke(Method.java:580)
	at org.openqa.selenium.support.pagefactory.internal.LocatingElementHandler.invoke(LocatingElementHandler.java:51)
	at jdk.proxy2/jdk.proxy2.$Proxy25.click(Unknown Source)
	at pageObjects.HomePage.clickForBusiness(HomePage.java:51)
	at stepsDefination.TestCase006.the_user_navigates_to_the_for_business_section(TestCase006.java:16)
	at ✽.the user navigates to the For Business section(file:///C:/Personal/Automation/workspace/CourseraAutomation/features/testCase006.feature:5)
</textarea>
      
      </div>
              </div>
              <div class="step pass-bg" title="AFTER_STEP">
                <span>hooks.Hooks.addScreenshot(io.cucumber.java.Scenario)</span>
      <div>Failure Screenshot
          <div class="row mb-3"><div class="col-md-3">
<img data-featherlight='../Screenshots/embedded5.png' src="../Screenshots/embedded5.png">
    
    </div></div>
</div>
      <div>
      </div>
              </div>
              <div class="step skip-bg" title="stepsDefination.TestCase006.the_user_selects_the_plan(java.lang.String)">
                <span>When the user selects the "For Teams" plan</span>
      <div>Step skipped
      </div>
              </div>
              <div class="step skip-bg" title="stepsDefination.TestCase006.enters_a_random_number_of_users_between_and(java.lang.Integer,java.lang.Integer)">
                <span>And enters a random number of users between 6 and 300</span>
      <div>Step skipped
      </div>
              </div>
              <div class="step skip-bg" title="stepsDefination.TestCase006.selects_the_quarterly_payment_option()">
                <span>And selects the quarterly payment option</span>
      <div>Step skipped
      </div>
              </div>
              <div class="step skip-bg" title="stepsDefination.TestCase006.the_application_should_display_the_purchase_summary()">
                <span>Then the application should display the purchase summary</span>
      <div>Step skipped
      </div>
              </div>
          </div>
        </div>
  </div>
</div>
          </div>
        </li>
        <li class="test-item"  status="fail" test-id="87"
          author=""
          tag=""
          device="">
          <div class="test-detail">
            <p class="name">View Course Content</p>
            <p class="text-sm">
              <span>9:43:17 AM</span> / <span>00:00:17:678</span>
              <span class="badge fail-bg log float-right">Fail</span>
            </p>
          </div>
          <div class="test-contents d-none">
<div class="detail-head">
<div class="p-v-10">
<div class="info">
<h5 class="test-status text-fail">View Course Content</h5>
<span class='badge badge-success'>07.09.2025 9:43:17 AM</span>
<span class='badge badge-danger'>07.09.2025 9:43:35 AM</span>
<span class='badge badge-default'>00:00:17:678</span>
&middot; <span class='uri-anchor badge badge-default'>#test-id=87</span>
<span class='badge badge-default pointer float-right ml-1 et'><i class="fa fa-chevron-down"></i></span>
<span class='badge badge-default pointer float-right ct'><i class="fa fa-chevron-up"></i></span>
</div>
<div class="m-t-10 m-l-5"></div>
</div>
</div>
<div class="accordion mt-4">
  <div class="card">
    <div class="card-header" role="tab">
      <div class="card-title">
        <div class="node" id="88"><span class="badge log fail-bg mr-2">Fail</span>User searches for a course and views its content</div>
          <div class="status-avatar float-right mr-4">
            <i class="fa fa-paperclip"></i>
          </div>
      </div>
    </div>
        <div class="">
          <div class="card-body">
              <div class="step pass-bg" title="stepsDefination.TestCase001.the_user_is_on_the_coursera_homepage()">
                <span>Given the user is on the Coursera homepage</span>
      <div>
      </div>
              </div>
              <div class="step fail-bg" title="stepsDefination.TestCase001.the_user_searches_for(java.lang.String)">
                <span>When the user searches for "Web Development"</span>
      <div>
        <textarea disabled class="code-block">org.openqa.selenium.TimeoutException: Expected condition failed: waiting for element to be clickable: [[ChromeDriver: chrome on windows (2b2327aafe3a20a1b33e100d9f166695)] -> id: search-autocomplete-input] (tried for 10 second(s) with 500 milliseconds interval)
Build info: version: '4.34.0', revision: '707dcb4246*'
System info: os.name: 'Windows 11', os.arch: 'amd64', os.version: '10.0', java.version: '21.0.7'
Driver info: org.openqa.selenium.chrome.ChromeDriver
Capabilities {acceptInsecureCerts: false, browserName: chrome, browserVersion: 137.0.7151.69, chrome: {chromedriverVersion: 137.0.7151.119 (e0ac9d12dff..., userDataDir: C:\Users\2403717\AppData\Lo...}, fedcm:accounts: true, goog:chromeOptions: {debuggerAddress: localhost:58218}, networkConnectionEnabled: false, pageLoadStrategy: normal, platformName: windows, proxy: Proxy(), se:cdp: ws://localhost:58218/devtoo..., se:cdpVersion: 137.0.7151.69, setWindowRect: true, strictFileInteractability: false, timeouts: {implicit: 0, pageLoad: 300000, script: 30000}, unhandledPromptBehavior: dismiss and notify, webauthn:extension:credBlob: true, webauthn:extension:largeBlob: true, webauthn:extension:minPinLength: true, webauthn:extension:prf: true, webauthn:virtualAuthenticators: true}
Session ID: 2b2327aafe3a20a1b33e100d9f166695
	at org.openqa.selenium.support.ui.WebDriverWait.timeoutException(WebDriverWait.java:84)
	at org.openqa.selenium.support.ui.FluentWait.until(FluentWait.java:228)
	at pageObjects.HomePage.setSearchBar(HomePage.java:61)
	at stepsDefination.TestCase001.the_user_searches_for(TestCase001.java:31)
	at ✽.the user searches for "Web Development"(file:///C:/Personal/Automation/workspace/CourseraAutomation/features/testCase007.feature:5)
</textarea>
      
      </div>
              </div>
              <div class="step pass-bg" title="AFTER_STEP">
                <span>hooks.Hooks.addScreenshot(io.cucumber.java.Scenario)</span>
      <div>Failure Screenshot
          <div class="row mb-3"><div class="col-md-3">
<img data-featherlight='../Screenshots/embedded6.png' src="../Screenshots/embedded6.png">
    
    </div></div>
</div>
      <div>
      </div>
              </div>
              <div class="step skip-bg" title="stepsDefination.TestCase007.selects_the_first_course_from_the_results()">
                <span>And selects the first course from the results</span>
      <div>Step skipped
      </div>
              </div>
              <div class="step skip-bg" title="stepsDefination.TestCase007.the_course_page_should_display_the_course_title()">
                <span>Then the course page should display the course title</span>
      <div>Step skipped
      </div>
              </div>
              <div class="step skip-bg" title="stepsDefination.TestCase007.the_total_number_of_modules()">
                <span>And the total number of modules</span>
      <div>Step skipped
      </div>
              </div>
              <div class="step skip-bg" title="stepsDefination.TestCase007.the_course_rating()">
                <span>And the course rating</span>
      <div>Step skipped
      </div>
              </div>
              <div class="step skip-bg" title="stepsDefination.TestCase007.the_total_number_of_reviews()">
                <span>And the total number of reviews</span>
      <div>Step skipped
      </div>
              </div>
              <div class="step skip-bg" title="stepsDefination.TestCase007.the_user_clicks_on(java.lang.String)">
                <span>And the user clicks on "View all skills"</span>
      <div>Step skipped
      </div>
              </div>
              <div class="step skip-bg" title="stepsDefination.TestCase007.the_skills_and_learning_outcomes_should_be_displayed()">
                <span>Then the skills and learning outcomes should be displayed</span>
      <div>Step skipped
      </div>
              </div>
          </div>
        </div>
  </div>
</div>
          </div>
        </li>
        <li class="test-item"  status="fail" test-id="109"
          author=""
          tag=""
          device="">
          <div class="test-detail">
            <p class="name">Government Contact Form Submission</p>
            <p class="text-sm">
              <span>9:43:35 AM</span> / <span>00:00:18:003</span>
              <span class="badge fail-bg log float-right">Fail</span>
            </p>
          </div>
          <div class="test-contents d-none">
<div class="detail-head">
<div class="p-v-10">
<div class="info">
<h5 class="test-status text-fail">Government Contact Form Submission</h5>
<span class='badge badge-success'>07.09.2025 9:43:35 AM</span>
<span class='badge badge-danger'>07.09.2025 9:43:53 AM</span>
<span class='badge badge-default'>00:00:18:003</span>
&middot; <span class='uri-anchor badge badge-default'>#test-id=109</span>
<span class='badge badge-default pointer float-right ml-1 et'><i class="fa fa-chevron-down"></i></span>
<span class='badge badge-default pointer float-right ct'><i class="fa fa-chevron-up"></i></span>
</div>
<div class="m-t-10 m-l-5"></div>
</div>
</div>
<div class="accordion mt-4">
  <div class="card">
    <div class="card-header" role="tab">
      <div class="card-title">
        <div class="node" id="110"><span class="badge log fail-bg mr-2">Fail</span>Submit a valid government contact form and verify confirmation</div>
          <div class="status-avatar float-right mr-4">
            <i class="fa fa-paperclip"></i>
          </div>
      </div>
    </div>
        <div class="">
          <div class="card-body">
              <div class="step pass-bg" title="stepsDefination.CommonSteps.the_user_is_on_the_homepage()">
                <span>Given the user is on the homepage</span>
      <div>
      </div>
              </div>
              <div class="step fail-bg" title="stepsDefination.TestCase008.the_user_navigates_to_the_for_government_section()">
                <span>Then the user navigates to the For Government section</span>
      <div>
        <textarea disabled class="code-block">org.openqa.selenium.ElementNotInteractableException: element not interactable
  (Session info: chrome=137.0.7151.69)
Build info: version: '4.34.0', revision: '707dcb4246*'
System info: os.name: 'Windows 11', os.arch: 'amd64', os.version: '10.0', java.version: '21.0.7'
Driver info: org.openqa.selenium.chrome.ChromeDriver
Command: [3cd72e239fb2eed1399ba3bcbee11d4d, clickElement {id=f.2290C71CA9E53B499E61807FB16330CB.d.66E5B8720D6C7EE11F68CCDAE8829DE3.e.28}]
Capabilities {acceptInsecureCerts: false, browserName: chrome, browserVersion: 137.0.7151.69, chrome: {chromedriverVersion: 137.0.7151.119 (e0ac9d12dff..., userDataDir: C:\Users\2403717\AppData\Lo...}, fedcm:accounts: true, goog:chromeOptions: {debuggerAddress: localhost:58318}, networkConnectionEnabled: false, pageLoadStrategy: normal, platformName: windows, proxy: Proxy(), se:cdp: ws://localhost:58318/devtoo..., se:cdpVersion: 137.0.7151.69, setWindowRect: true, strictFileInteractability: false, timeouts: {implicit: 0, pageLoad: 300000, script: 30000}, unhandledPromptBehavior: dismiss and notify, webauthn:extension:credBlob: true, webauthn:extension:largeBlob: true, webauthn:extension:minPinLength: true, webauthn:extension:prf: true, webauthn:virtualAuthenticators: true}
Element: [[ChromeDriver: chrome on windows (3cd72e239fb2eed1399ba3bcbee11d4d)] -> xpath: //a[@data-click-key='front_page.front_page_story.click.navigation_meta_nav_Government']]
Session ID: 3cd72e239fb2eed1399ba3bcbee11d4d
	at java.base/jdk.internal.reflect.DirectConstructorHandleAccessor.newInstance(DirectConstructorHandleAccessor.java:62)
	at java.base/java.lang.reflect.Constructor.newInstanceWithCaller(Constructor.java:502)
	at java.base/java.lang.reflect.Constructor.newInstance(Constructor.java:486)
	at org.openqa.selenium.remote.ErrorCodec.decode(ErrorCodec.java:167)
	at org.openqa.selenium.remote.codec.w3c.W3CHttpResponseCodec.decode(W3CHttpResponseCodec.java:138)
	at org.openqa.selenium.remote.codec.w3c.W3CHttpResponseCodec.decode(W3CHttpResponseCodec.java:50)
	at org.openqa.selenium.remote.HttpCommandExecutor.execute(HttpCommandExecutor.java:215)
	at org.openqa.selenium.remote.service.DriverCommandExecutor.invokeExecute(DriverCommandExecutor.java:216)
	at org.openqa.selenium.remote.service.DriverCommandExecutor.execute(DriverCommandExecutor.java:174)
	at org.openqa.selenium.remote.RemoteWebDriver.execute(RemoteWebDriver.java:544)
	at org.openqa.selenium.remote.RemoteWebElement.execute(RemoteWebElement.java:223)
	at org.openqa.selenium.remote.RemoteWebElement.click(RemoteWebElement.java:76)
	at java.base/jdk.internal.reflect.DirectMethodHandleAccessor.invoke(DirectMethodHandleAccessor.java:103)
	at java.base/java.lang.reflect.Method.invoke(Method.java:580)
	at org.openqa.selenium.support.pagefactory.internal.LocatingElementHandler.invoke(LocatingElementHandler.java:51)
	at jdk.proxy2/jdk.proxy2.$Proxy25.click(Unknown Source)
	at pageObjects.HomePage.clickForGovernment(HomePage.java:55)
	at stepsDefination.TestCase008.the_user_navigates_to_the_for_government_section(TestCase008.java:16)
	at ✽.the user navigates to the For Government section(file:///C:/Personal/Automation/workspace/CourseraAutomation/features/testCase008.feature:5)
</textarea>
      
      </div>
              </div>
              <div class="step pass-bg" title="AFTER_STEP">
                <span>hooks.Hooks.addScreenshot(io.cucumber.java.Scenario)</span>
      <div>Failure Screenshot
          <div class="row mb-3"><div class="col-md-3">
<img data-featherlight='../Screenshots/embedded7.png' src="../Screenshots/embedded7.png">
    
    </div></div>
</div>
      <div>
      </div>
              </div>
              <div class="step skip-bg" title="stepsDefination.TestCase008.the_user_clicks_the_contact_sales_button()">
                <span>When the user clicks the Contact Sales button</span>
      <div>Step skipped
      </div>
              </div>
              <div class="step skip-bg" title="stepsDefination.TestCase008.fills_out_the_government_form_with_valid_details()">
                <span>And fills out the government form with valid details</span>
      <div>Step skipped
      </div>
              </div>
              <div class="step skip-bg" title="stepsDefination.TestCase008.submits_the_government_request_form()">
                <span>And submits the government request form</span>
      <div>Step skipped
      </div>
              </div>
              <div class="step skip-bg" title="stepsDefination.TestCase008.the_application_should_display_a_confirmation_message()">
                <span>Then the application should display a confirmation message</span>
      <div>Step skipped
      </div>
              </div>
          </div>
        </div>
  </div>
</div>
          </div>
        </li>
        <li class="test-item"  status="pass" test-id="125"
          author=""
          tag=""
          device="">
          <div class="test-detail">
            <p class="name">App Store and Play Store screenshots</p>
            <p class="text-sm">
              <span>9:43:53 AM</span> / <span>00:00:16:871</span>
              <span class="badge pass-bg log float-right">Pass</span>
            </p>
          </div>
          <div class="test-contents d-none">
<div class="detail-head">
<div class="p-v-10">
<div class="info">
<h5 class="test-status text-pass">App Store and Play Store screenshots</h5>
<span class='badge badge-success'>07.09.2025 9:43:53 AM</span>
<span class='badge badge-danger'>07.09.2025 9:44:10 AM</span>
<span class='badge badge-default'>00:00:16:871</span>
&middot; <span class='uri-anchor badge badge-default'>#test-id=125</span>
<span class='badge badge-default pointer float-right ml-1 et'><i class="fa fa-chevron-down"></i></span>
<span class='badge badge-default pointer float-right ct'><i class="fa fa-chevron-up"></i></span>
</div>
<div class="m-t-10 m-l-5"></div>
</div>
</div>
<div class="accordion mt-4">
  <div class="card">
    <div class="card-header" role="tab">
      <div class="card-title">
        <div class="node" id="126"><span class="badge log pass-bg mr-2">Pass</span>Take screenshots of App Store and Play Store pages</div>
      </div>
    </div>
        <div class="collapse">
          <div class="card-body">
              <div class="step pass-bg" title="stepsDefination.CommonSteps.the_user_is_on_the_homepage()">
                <span>Given the user is on the homepage</span>
      <div>
      </div>
              </div>
              <div class="step pass-bg" title="stepsDefination.TestCase010.the_user_clicks_the_app_store_link()">
                <span>Then the user clicks the App Store link</span>
      <div>
      </div>
              </div>
              <div class="step pass-bg" title="stepsDefination.TestCase010.a_screenshot_of_the_app_store_page_is_taken()">
                <span>Then a screenshot of the App Store page is taken</span>
      <div>
      </div>
              </div>
              <div class="step pass-bg" title="stepsDefination.TestCase010.the_user_navigates_back()">
                <span>When the user navigates back</span>
      <div>
      </div>
              </div>
              <div class="step pass-bg" title="stepsDefination.TestCase010.the_user_clicks_the_play_store_link()">
                <span>And the user clicks the Play Store link</span>
      <div>
      </div>
              </div>
              <div class="step pass-bg" title="stepsDefination.TestCase010.a_screenshot_of_the_play_store_page_is_taken()">
                <span>Then a screenshot of the Play Store page is taken</span>
      <div>
      </div>
              </div>
              <div class="step pass-bg" title="stepsDefination.TestCase010.the_user_navigates_back_to_the_homepage()">
                <span>And the user navigates back to the homepage</span>
      <div>
      </div>
              </div>
          </div>
        </div>
  </div>
</div>
          </div>
        </li>
      </ul>
    </div>
  </div>
<div class="test-content scrollable">
<div class="test-content-tools">
<ul><li><a class="back-to-test" href="#"><i class="fa fa-arrow-left"></i></a></li></ul>
</div>
<div class="test-content-detail"><div class="detail-body"></div></div>
</div></div>
<div class="test-wrapper row view exception-view attributes-view">
<div class="test-list">
<div class="test-list-tools">
<ul class="tools pull-left"><li><a href=""><span class="font-size-14">Exception</span></a></li></ul>
<ul class="tools text-right"><li><a href="#"><span class="badge badge-primary">2</span></a></li></ul>
</div>
<div class="test-list-wrapper scrollable">
<ul class="test-list-item">
<li class="test-item">
<div class="test-detail">
<span class="meta">
<span class='badge log badge-danger'>3</span>
</span>
<p class="name">org.openqa.selenium.TimeoutException</p>
<p class="duration text-sm">3 tests</p>
</div>
<div class="test-contents d-none">
<div class="info">
<h4>org.openqa.selenium.TimeoutException</h4>
<span status="fail" class='badge log badge-danger'>3 failed</span>
</div>
<table class='table table-sm mt-4'>
<thead>
<tr>
<th class="status-col">Status</th>
<th class="timestamp-col">Timestamp</th>
<th>TestName</th>
</tr>
</thead>
<tbody>
<tr class="tag-test-status" status="fail">
<td><span class="badge log fail-bg">Fail</span></td>
<td>09:41:40 AM</td>
<td>
<a href="#" class="linked" test-id='1' id='6'>When the user searches for "Web Development"</a>
<div class="">
<span class="badge badge-default">Course Search and Details Extraction.Search and extract details of multiple courses.When the user searches for "Web Development"</span>
</div>
</td>
</tr>
<tr class="tag-test-status" status="fail">
<td><span class="badge log fail-bg">Fail</span></td>
<td>09:41:58 AM</td>
<td>
<a href="#" class="linked" test-id='17' id='22'>When the user searches for "Web Development"</a>
<div class="">
<span class="badge badge-default">Display available languages for a searched course.List all available languages for Web Development courses.When the user searches for "Web Development"</span>
</div>
</td>
</tr>
<tr class="tag-test-status" status="fail">
<td><span class="badge log fail-bg">Fail</span></td>
<td>09:43:25 AM</td>
<td>
<a href="#" class="linked" test-id='87' id='92'>When the user searches for "Web Development"</a>
<div class="">
<span class="badge badge-default">View Course Content.User searches for a course and views its content.When the user searches for "Web Development"</span>
</div>
</td>
</tr>
</tbody>
</table>
</div>
</li>
<li class="test-item">
<div class="test-detail">
<span class="meta">
<span class='badge log badge-danger'>4</span>
</span>
<p class="name">org.openqa.selenium.ElementNotInteractableException</p>
<p class="duration text-sm">4 tests</p>
</div>
<div class="test-contents d-none">
<div class="info">
<h4>org.openqa.selenium.ElementNotInteractableException</h4>
<span status="fail" class='badge log badge-danger'>4 failed</span>
</div>
<table class='table table-sm mt-4'>
<thead>
<tr>
<th class="status-col">Status</th>
<th class="timestamp-col">Timestamp</th>
<th>TestName</th>
</tr>
</thead>
<tbody>
<tr class="tag-test-status" status="fail">
<td><span class="badge log fail-bg">Fail</span></td>
<td>09:42:17 AM</td>
<td>
<a href="#" class="linked" test-id='31' id='36'>Then the user navigates to the For Business section</a>
<div class="">
<span class="badge badge-default">Government form validation.Submit invalid email and phone number and verify error messages.Then the user navigates to the For Business section</span>
</div>
</td>
</tr>
<tr class="tag-test-status" status="fail">
<td><span class="badge log fail-bg">Fail</span></td>
<td>09:42:49 AM</td>
<td>
<a href="#" class="linked" test-id='57' id='62'>When the user navigates to the Online Degrees section</a>
<div class="">
<span class="badge badge-default">Extract and display online degree program information.Filter and display online degree programs by level and subject.When the user navigates to the Online Degrees section</span>
</div>
</td>
</tr>
<tr class="tag-test-status" status="fail">
<td><span class="badge log fail-bg">Fail</span></td>
<td>09:43:07 AM</td>
<td>
<a href="#" class="linked" test-id='71' id='76'>Then the user navigates to the For Business section</a>
<div class="">
<span class="badge badge-default">For Business Plan Selection.Select a business plan and display purchase summary.Then the user navigates to the For Business section</span>
</div>
</td>
</tr>
<tr class="tag-test-status" status="fail">
<td><span class="badge log fail-bg">Fail</span></td>
<td>09:43:43 AM</td>
<td>
<a href="#" class="linked" test-id='109' id='114'>Then the user navigates to the For Government section</a>
<div class="">
<span class="badge badge-default">Government Contact Form Submission.Submit a valid government contact form and verify confirmation.Then the user navigates to the For Government section</span>
</div>
</td>
</tr>
</tbody>
</table>
</div>
</li>
</ul>
</div>
</div>
<div class="test-content scrollable">
<div class="test-content-detail">
<div class="detail-body"></div>
</div>
</div>
</div><div class="container-fluid p-4 view dashboard-view">
<div class="row">
<div class="col-md-3">
<div class="card"><div class="card-body">
<p class="m-b-0">Started</p>
<h3>Jul 9, 2025 09:41:30 AM</h3>
</div></div>
</div>
<div class="col-md-3">
<div class="card"><div class="card-body">
<p class="m-b-0">Ended</p>
<h3>Jul 9, 2025 09:44:10 AM</h3>
</div></div>
</div>
<div class="col-md-3">
<div class="card"><div class="card-body">
<p class="m-b-0 text-pass">Features Passed</p>
<h3>2</h3>
</div></div>
</div>
<div class="col-md-3">
<div class="card"><div class="card-body">
<p class="m-b-0 text-fail">Features Failed</p>
<h3>7</h3>
</div></div>
</div>
</div>
<div class="row">
<div class="col-md-4">
<div class="card">
<div class="card-header">
<h6 class="card-title">Features</h6>
</div>
<div class="card-body">
<div class="">
<canvas id='parent-analysis' width='115' height='90'></canvas>
</div>
</div>
<div class="card-footer">
<div><small data-tooltip='22%'>
<b>2</b> features passed
</small>
</div>
<div>
<small data-tooltip='77%'><b>7</b> features failed,
<b>0</b> skipped, <b data-tooltip='0%'>0</b> others
</small>
</div>
</div>
</div>
</div>
<div class="col-md-4">
<div class="card">
<div class="card-header">
<h6 class="card-title">Scenarios</h6>
</div>
<div class="card-body">
<div class="">
<canvas id='child-analysis' width='115' height='90'></canvas>
</div>
</div>
<div class="card-footer">
<div><small data-tooltip='22%'><b>2</b> scenarios passed</small></div>
<div>
<small data-tooltip='77%'><b>7</b> scenarios failed,
<b>0</b> skipped, <b data-tooltip='%'>0</b> others
</small>
</div>
</div>
</div>
</div>
<div class="col-md-4">
<div class="card">
<div class="card-header">
<h6 class="card-title">Steps</h6>
</div>
<div class="card-body">
<div class="">
<canvas id='grandchild-analysis' width='115' height='90'></canvas>
</div>
</div>
<div class="card-footer">
<div><small data-tooltip='41%'><b>25</b> steps passed</small></div>
<div>
<small data-tooltip='11%'><b>7</b> steps failed,
<b>28</b> skipped, <b data-tooltip='%'>0</b> others
</small>
</div>
</div>
</div>
</div>
</div>
<div class="row"><div class="col-md-12">
<div class="card"><div class="card-header"><p>Timeline</p></div>
<div class="card-body pt-0"><div>
<canvas id="timeline" height="120"></canvas>
</div></div>
</div>
</div></div>
<script>
var timeline = {
"Course Search and Details Extraction":19.776,"Display available languages for a searched course":18.068,"Government form validation":18.31,"Extract and display partner information":15.167,"Extract and display online degree program information":17.552,"For Business Plan Selection":17.677,"View Course Content":17.678,"Government Contact Form Submission":18.003,"App Store and Play Store screenshots":16.871
};
</script>
<div class="row">
</div>
</div>
<script>
var statusGroup = {
parentCount: 5,
passParent: 2,
failParent: 7,
warningParent: 0,
skipParent: 0,
childCount: 5,
passChild: 2,
failChild: 7,
warningChild: 0,
skipChild: 0,
infoChild: 0,
grandChildCount: 5,
passGrandChild: 25,
failGrandChild: 7,
warningGrandChild: 0,
skipGrandChild: 28,
infoGrandChild: 0,
eventsCount: 5,
};
</script>        </div>
      </div>
    </div>
  </div>
<script src="https://cdn.jsdelivr.net/gh/extent-framework/extent-github-cdn@d6562a79075e061305ccfdb82f01e5e195e2d307/spark/js/spark-script.js"></script>
<script type="text/javascript"></script></body>
</html>