<html>
<head>
<title>TestNG:  Default test</title>
<link href="../testng.css" rel="stylesheet" type="text/css" />
<link href="../my-testng.css" rel="stylesheet" type="text/css" />

<style type="text/css">
.log { display: none;} 
.stack-trace { display: none;} 
</style>
<script type="text/javascript">
<!--
function flip(e) {
  current = e.style.display;
  if (current == 'block') {
    e.style.display = 'none';
    return 0;
  }
  else {
    e.style.display = 'block';
    return 1;
  }
}

function toggleBox(szDivId, elem, msg1, msg2)
{
  var res = -1;  if (document.getElementById) {
    res = flip(document.getElementById(szDivId));
  }
  else if (document.all) {
    // this is the way old msie versions work
    res = flip(document.all[szDivId]);
  }
  if(elem) {
    if(res == 0) elem.innerHTML = msg1; else elem.innerHTML = msg2;
  }

}

function toggleAllBoxes() {
  if (document.getElementsByTagName) {
    d = document.getElementsByTagName('div');
    for (i = 0; i < d.length; i++) {
      if (d[i].className == 'log') {
        flip(d[i]);
      }
    }
  }
}

// -->
</script>

</head>
<body>
<h2 align='center'>Default test</h2><table border='1' align="center">
<tr>
<td>Tests passed/Failed/Skipped:</td><td>4/2/0</td>
</tr><tr>
<td>Started on:</td><td>Tue Jul 15 10:21:48 IST 2025</td>
</tr>
<tr><td>Total time:</td><td>243 seconds (243423 ms)</td>
</tr><tr>
<td>Included groups:</td><td></td>
</tr><tr>
<td>Excluded groups:</td><td></td>
</tr>
</table><p/>
<small><i>(Hover the method name to see the test class name)</i></small><p/>
<table width='100%' border='1' class='invocation-failed'>
<tr><td colspan='4' align='center'><b>FAILED TESTS</b></td></tr>
<tr><td><b>Test method</b></td>
<td><b>Attribute(s)</b></td>
<td width="30%"><b>Exception</b></td>
<td width="10%"><b>Time (seconds)</b></td>
<td><b>Instance</b></td>
</tr>
<tr>
<td title='testRunner.TestRunner_TestNG.runScenario()'><b>runScenario</b><br>Test class: testRunner.TestRunner_TestNG<br>Test method: Runs Cucumber Scenarios<br>Parameters: "Take screenshots of App Store and Play Store pages", "App Store and Play Store screenshots"</td>
<td><div><pre>org.openqa.selenium.TimeoutException: timeout: Timed out receiving message from renderer: 29.989
  (Session info: chrome=137.0.7151.69)
Build info: version: &apos;4.34.0&apos;, revision: &apos;707dcb4246*&apos;
System info: os.name: &apos;Windows 11&apos;, os.arch: &apos;amd64&apos;, os.version: &apos;10.0&apos;, java.version: &apos;21.0.5&apos;
Driver info: org.openqa.selenium.chrome.ChromeDriver
Command: [32b304a6596b30ded92f036ea95ab385, goBack {}]
Capabilities {acceptInsecureCerts: false, browserName: chrome, browserVersion: 137.0.7151.69, chrome: {chromedriverVersion: 137.0.7151.119 (e0ac9d12dff..., userDataDir: C:\Users\2403720\AppData\Lo...}, fedcm:accounts: true, goog:chromeOptions: {debuggerAddress: localhost:59918}, networkConnectionEnabled: false, pageLoadStrategy: normal, platformName: windows, proxy: Proxy(), se:cdp: ws://localhost:59918/devtoo..., se:cdpVersion: 137.0.7151.69, setWindowRect: true, strictFileInteractability: false, timeouts: {implicit: 0, pageLoad: 300000, script: 30000}, unhandledPromptBehavior: dismiss and notify, webauthn:extension:credBlob: true, webauthn:extension:largeBlob: true, webauthn:extension:minPinLength: true, webauthn:extension:prf: true, webauthn:virtualAuthenticators: true}
Session ID: 32b304a6596b30ded92f036ea95ab385
	at java.base/jdk.internal.reflect.DirectConstructorHandleAccessor.newInstance(DirectConstructorHandleAccessor.java:62)
	at java.base/java.lang.reflect.Constructor.newInstanceWithCaller(Constructor.java:502)
	at java.base/java.lang.reflect.Constructor.newInstance(Constructor.java:486)
	at org.openqa.selenium.remote.ErrorCodec.decode(ErrorCodec.java:167)
	at org.openqa.selenium.remote.codec.w3c.W3CHttpResponseCodec.decode(W3CHttpResponseCodec.java:138)
	at org.openqa.selenium.remote.codec.w3c.W3CHttpResponseCodec.decode(W3CHttpResponseCodec.java:50)
	at org.openqa.selenium.remote.HttpCommandExecutor.execute(HttpCommandExecutor.java:215)
	at org.openqa.selenium.remote.service.DriverCommandExecutor.invokeExecute(DriverCommandExecutor.java:216)
	at org.openqa.selenium.remote.service.DriverCommandExecutor.execute(DriverCommandExecutor.java:174)
	at org.openqa.selenium.remote.RemoteWebDriver.execute(RemoteWebDriver.java:544)
	at org.openqa.selenium.remote.RemoteWebDriver.execute(RemoteWebDriver.java:617)
	at org.openqa.selenium.remote.RemoteWebDriver.execute(RemoteWebDriver.java:621)
	at org.openqa.selenium.remote.RemoteWebDriver$RemoteNavigation.back(RemoteWebDriver.java:1066)
	at stepsDefination.TestCase010.the_user_navigates_back(TestCase010.java:31)
	at ✽.the user navigates back(file:///C:/Users/2403720/eclipse-workspace/CourseraAutomation/features/testCase010.feature:8)
</pre></div><a href='#' onClick='toggleBox("stack-trace727344543", this, "Click to show all stack frames", "Click to hide stack frames")'>Click to show all stack frames</a>
<div class='stack-trace' id='stack-trace727344543'><pre>org.openqa.selenium.TimeoutException: timeout: Timed out receiving message from renderer: 29.989
  (Session info: chrome=137.0.7151.69)
Build info: version: &apos;4.34.0&apos;, revision: &apos;707dcb4246*&apos;
System info: os.name: &apos;Windows 11&apos;, os.arch: &apos;amd64&apos;, os.version: &apos;10.0&apos;, java.version: &apos;21.0.5&apos;
Driver info: org.openqa.selenium.chrome.ChromeDriver
Command: [32b304a6596b30ded92f036ea95ab385, goBack {}]
Capabilities {acceptInsecureCerts: false, browserName: chrome, browserVersion: 137.0.7151.69, chrome: {chromedriverVersion: 137.0.7151.119 (e0ac9d12dff..., userDataDir: C:\Users\2403720\AppData\Lo...}, fedcm:accounts: true, goog:chromeOptions: {debuggerAddress: localhost:59918}, networkConnectionEnabled: false, pageLoadStrategy: normal, platformName: windows, proxy: Proxy(), se:cdp: ws://localhost:59918/devtoo..., se:cdpVersion: 137.0.7151.69, setWindowRect: true, strictFileInteractability: false, timeouts: {implicit: 0, pageLoad: 300000, script: 30000}, unhandledPromptBehavior: dismiss and notify, webauthn:extension:credBlob: true, webauthn:extension:largeBlob: true, webauthn:extension:minPinLength: true, webauthn:extension:prf: true, webauthn:virtualAuthenticators: true}
Session ID: 32b304a6596b30ded92f036ea95ab385
	at java.base/jdk.internal.reflect.DirectConstructorHandleAccessor.newInstance(DirectConstructorHandleAccessor.java:62)
	at java.base/java.lang.reflect.Constructor.newInstanceWithCaller(Constructor.java:502)
	at java.base/java.lang.reflect.Constructor.newInstance(Constructor.java:486)
	at org.openqa.selenium.remote.ErrorCodec.decode(ErrorCodec.java:167)
	at org.openqa.selenium.remote.codec.w3c.W3CHttpResponseCodec.decode(W3CHttpResponseCodec.java:138)
	at org.openqa.selenium.remote.codec.w3c.W3CHttpResponseCodec.decode(W3CHttpResponseCodec.java:50)
	at org.openqa.selenium.remote.HttpCommandExecutor.execute(HttpCommandExecutor.java:215)
	at org.openqa.selenium.remote.service.DriverCommandExecutor.invokeExecute(DriverCommandExecutor.java:216)
	at org.openqa.selenium.remote.service.DriverCommandExecutor.execute(DriverCommandExecutor.java:174)
	at org.openqa.selenium.remote.RemoteWebDriver.execute(RemoteWebDriver.java:544)
	at org.openqa.selenium.remote.RemoteWebDriver.execute(RemoteWebDriver.java:617)
	at org.openqa.selenium.remote.RemoteWebDriver.execute(RemoteWebDriver.java:621)
	at org.openqa.selenium.remote.RemoteWebDriver$RemoteNavigation.back(RemoteWebDriver.java:1066)
	at stepsDefination.TestCase010.the_user_navigates_back(TestCase010.java:31)
	at ✽.the user navigates back(file:///C:/Users/2403720/eclipse-workspace/CourseraAutomation/features/testCase010.feature:8)
</pre></div></td>
<td>41</td>
<td>testRunner.TestRunner_TestNG@6f3f0fae</td></tr>
<tr>
<td title='testRunner.TestRunner_TestNG.runScenario()'><b>runScenario</b><br>Test class: testRunner.TestRunner_TestNG<br>Test method: Runs Cucumber Scenarios<br>Parameters: "Select a business plan and display purchase summary", "For Business Plan Selection"</td>
<td><div><pre>java.lang.AssertionError: expected [3190] but found [31901]
	at org.testng.Assert.fail(Assert.java:111)
	at org.testng.Assert.failNotEquals(Assert.java:1590)
	at org.testng.Assert.assertEqualsImpl(Assert.java:150)
	at org.testng.Assert.assertEquals(Assert.java:132)
	at org.testng.Assert.assertEquals(Assert.java:656)
	at org.testng.Assert.assertEquals(Assert.java:666)
	at stepsDefination.TestCase006.the_application_should_display_the_purchase_summary(TestCase006.java:79)
	at ✽.the application should display the purchase summary(file:///C:/Users/2403720/eclipse-workspace/CourseraAutomation/features/testCase006.feature:10)
</pre></div><a href='#' onClick='toggleBox("stack-trace1884044450", this, "Click to show all stack frames", "Click to hide stack frames")'>Click to show all stack frames</a>
<div class='stack-trace' id='stack-trace1884044450'><pre>java.lang.AssertionError: expected [3190] but found [31901]
	at org.testng.Assert.fail(Assert.java:111)
	at org.testng.Assert.failNotEquals(Assert.java:1590)
	at org.testng.Assert.assertEqualsImpl(Assert.java:150)
	at org.testng.Assert.assertEquals(Assert.java:132)
	at org.testng.Assert.assertEquals(Assert.java:656)
	at org.testng.Assert.assertEquals(Assert.java:666)
	at stepsDefination.TestCase006.the_application_should_display_the_purchase_summary(TestCase006.java:79)
	at ✽.the application should display the purchase summary(file:///C:/Users/2403720/eclipse-workspace/CourseraAutomation/features/testCase006.feature:10)
</pre></div></td>
<td>59</td>
<td>testRunner.TestRunner_TestNG@6f3f0fae</td></tr>
</table><p>
<table width='100%' border='1' class='invocation-passed'>
<tr><td colspan='4' align='center'><b>PASSED TESTS</b></td></tr>
<tr><td><b>Test method</b></td>
<td><b>Attribute(s)</b></td>
<td width="30%"><b>Exception</b></td>
<td width="10%"><b>Time (seconds)</b></td>
<td><b>Instance</b></td>
</tr>
<tr>
<td title='testRunner.TestRunner_TestNG.runScenario()'><b>runScenario</b><br>Test class: testRunner.TestRunner_TestNG<br>Test method: Runs Cucumber Scenarios<br>Parameters: "Search and extract details of multiple courses", "Course Search and Details Extraction"</td>
<td></td>
<td>41</td>
<td>testRunner.TestRunner_TestNG@6f3f0fae</td></tr>
<tr>
<td title='testRunner.TestRunner_TestNG.runScenario()'><b>runScenario</b><br>Test class: testRunner.TestRunner_TestNG<br>Test method: Runs Cucumber Scenarios<br>Parameters: "Filter and display job listings in India", "Verify Coursera job listings in India"</td>
<td></td>
<td>20</td>
<td>testRunner.TestRunner_TestNG@6f3f0fae</td></tr>
<tr>
<td title='testRunner.TestRunner_TestNG.runScenario()'><b>runScenario</b><br>Test class: testRunner.TestRunner_TestNG<br>Test method: Runs Cucumber Scenarios<br>Parameters: "Display all partner links, logos, and names for a selected country", "Extract and display partner information"</td>
<td></td>
<td>21</td>
<td>testRunner.TestRunner_TestNG@6f3f0fae</td></tr>
<tr>
<td title='testRunner.TestRunner_TestNG.runScenario()'><b>runScenario</b><br>Test class: testRunner.TestRunner_TestNG<br>Test method: Runs Cucumber Scenarios<br>Parameters: "Submit a valid government contact form and verify confirmation", "Government Contact Form Submission"</td>
<td></td>
<td>55</td>
<td>testRunner.TestRunner_TestNG@6f3f0fae</td></tr>
</table><p>
</body>
</html>