{"uuid":"2abc593e-0223-4a49-af0f-2008885aa0c1","historyId":"ec96809f5d583d68bcabc6bf73fee32a","testCaseId":"ea0a7d6e8120ba0cf041bb2a64d94871","fullName":"features/testCase006.feature:3","labels":[{"name":"host","value":"LTIN541610"},{"name":"thread","value":"4356@LTIN541610.main(1)"},{"name":"feature","value":"For Business Plan Selection"},{"name":"story","value":"Select a business plan and display purchase summary"},{"name":"suite","value":"For Business Plan Selection"},{"name":"testClass","value":"Select a business plan and display purchase summary"},{"name":"framework","value":"cucumber4jvm"},{"name":"language","value":"java"},{"name":"gherkin_uri","value":"file:///C:/Users/2403720/eclipse-workspace/CourseraAutomation/features/testCase006.feature"},{"name":"package","value":"features.testCase006_feature.For Business Plan Selection"}],"links":[],"name":"Select a business plan and display purchase summary","status":"failed","statusDetails":{"known":false,"muted":false,"flaky":false,"message":"expected [3190] but found [31901]","trace":"java.lang.AssertionError: expected [3190] but found [31901]\r\n\tat org.testng.Assert.fail(Assert.java:111)\r\n\tat org.testng.Assert.failNotEquals(Assert.java:1590)\r\n\tat org.testng.Assert.assertEqualsImpl(Assert.java:150)\r\n\tat org.testng.Assert.assertEquals(Assert.java:132)\r\n\tat org.testng.Assert.assertEquals(Assert.java:656)\r\n\tat org.testng.Assert.assertEquals(Assert.java:666)\r\n\tat stepsDefination.TestCase006.the_application_should_display_the_purchase_summary(TestCase006.java:79)\r\n\tat ✽.the application should display the purchase summary(file:///C:/Users/2403720/eclipse-workspace/CourseraAutomation/features/testCase006.feature:9)\r\n"},"stage":"finished","steps":[{"name":"Given the user is on the homepage","status":"passed","statusDetails":{"known":false,"muted":false,"flaky":false},"stage":"finished","steps":[],"attachments":[],"parameters":[],"start":1752482533193,"stop":1752482533249},{"name":"hooks.Hooks.addScreenshot(io.cucumber.java.Scenario)","status":"passed","statusDetails":{"known":false,"muted":false,"flaky":false},"stage":"finished","steps":[],"attachments":[],"parameters":[],"start":1752482533250,"stop":1752482533252},{"name":"Then the user navigates to the For Business section","status":"passed","statusDetails":{"known":false,"muted":false,"flaky":false},"stage":"finished","steps":[],"attachments":[],"parameters":[],"start":1752482533253,"stop":1752482557878},{"name":"hooks.Hooks.addScreenshot(io.cucumber.java.Scenario)","status":"passed","statusDetails":{"known":false,"muted":false,"flaky":false},"stage":"finished","steps":[],"attachments":[],"parameters":[],"start":1752482557879,"stop":1752482557880},{"name":"When the user selects the \"For Teams\" plan","status":"passed","statusDetails":{"known":false,"muted":false,"flaky":false},"stage":"finished","steps":[],"attachments":[],"parameters":[],"start":1752482557882,"stop":1752482578307},{"name":"hooks.Hooks.addScreenshot(io.cucumber.java.Scenario)","status":"passed","statusDetails":{"known":false,"muted":false,"flaky":false},"stage":"finished","steps":[],"attachments":[],"parameters":[],"start":1752482578308,"stop":1752482578309},{"name":"And enters a random number of users","status":"passed","statusDetails":{"known":false,"muted":false,"flaky":false},"stage":"finished","steps":[],"attachments":[],"parameters":[],"start":1752482578310,"stop":1752482590682},{"name":"hooks.Hooks.addScreenshot(io.cucumber.java.Scenario)","status":"passed","statusDetails":{"known":false,"muted":false,"flaky":false},"stage":"finished","steps":[],"attachments":[],"parameters":[],"start":1752482590683,"stop":1752482590683},{"name":"And selects the payment option","status":"passed","statusDetails":{"known":false,"muted":false,"flaky":false},"stage":"finished","steps":[],"attachments":[],"parameters":[],"start":1752482590684,"stop":1752482590855},{"name":"hooks.Hooks.addScreenshot(io.cucumber.java.Scenario)","status":"passed","statusDetails":{"known":false,"muted":false,"flaky":false},"stage":"finished","steps":[],"attachments":[],"parameters":[],"start":1752482590856,"stop":1752482590856},{"name":"Then the application should display the purchase summary","status":"failed","statusDetails":{"known":false,"muted":false,"flaky":false,"message":"expected [3190] but found [31901]","trace":"java.lang.AssertionError: expected [3190] but found [31901]\r\n\tat org.testng.Assert.fail(Assert.java:111)\r\n\tat org.testng.Assert.failNotEquals(Assert.java:1590)\r\n\tat org.testng.Assert.assertEqualsImpl(Assert.java:150)\r\n\tat org.testng.Assert.assertEquals(Assert.java:132)\r\n\tat org.testng.Assert.assertEquals(Assert.java:656)\r\n\tat org.testng.Assert.assertEquals(Assert.java:666)\r\n\tat stepsDefination.TestCase006.the_application_should_display_the_purchase_summary(TestCase006.java:79)\r\n\tat ✽.the application should display the purchase summary(file:///C:/Users/2403720/eclipse-workspace/CourseraAutomation/features/testCase006.feature:9)\r\n"},"stage":"finished","steps":[],"attachments":[],"parameters":[],"start":1752482590857,"stop":1752482593272},{"name":"hooks.Hooks.addScreenshot(io.cucumber.java.Scenario)","status":"passed","statusDetails":{"known":false,"muted":false,"flaky":false},"stage":"finished","steps":[],"attachments":[{"name":"Failure Screenshot","source":"45c8873d-e516-4b00-a389-d393c74eb030-attachment","type":"image/png"}],"parameters":[],"start":1752482593273,"stop":1752482593568}],"attachments":[],"parameters":[],"start":1752482526013,"stop":1752482594145}