{"uuid":"3b3f32c9-dd17-4fa0-98e7-d36aca2fd679","historyId":"12451986adafff0f5eedca7e64e57572","testCaseId":"ea0a7d6e8120ba0cf041bb2a64d94871","fullName":"features/testCase006.feature:4","labels":[{"name":"tag","value":"sanity"},{"name":"tag","value":"regression"},{"name":"host","value":"LTIN541610"},{"name":"thread","value":"16176@LTIN541610.main(1)"},{"name":"feature","value":"For Business Plan Selection"},{"name":"story","value":"Select a business plan and display purchase summary"},{"name":"suite","value":"For Business Plan Selection"},{"name":"testClass","value":"Select a business plan and display purchase summary"},{"name":"framework","value":"cucumber4jvm"},{"name":"language","value":"java"},{"name":"gherkin_uri","value":"file:///C:/Users/2403720/eclipse-workspace/CourseraAutomation/features/testCase006.feature"},{"name":"package","value":"features.testCase006_feature.For Business Plan Selection"}],"links":[],"name":"Select a business plan and display purchase summary","status":"failed","statusDetails":{"known":false,"muted":false,"flaky":false,"message":"expected [3190] but found [31901]","trace":"java.lang.AssertionError: expected [3190] but found [31901]\r\n\tat org.testng.Assert.fail(Assert.java:111)\r\n\tat org.testng.Assert.failNotEquals(Assert.java:1590)\r\n\tat org.testng.Assert.assertEqualsImpl(Assert.java:150)\r\n\tat org.testng.Assert.assertEquals(Assert.java:132)\r\n\tat org.testng.Assert.assertEquals(Assert.java:656)\r\n\tat org.testng.Assert.assertEquals(Assert.java:666)\r\n\tat stepsDefination.TestCase006.the_application_should_display_the_purchase_summary(TestCase006.java:79)\r\n\tat ✽.the application should display the purchase summary(file:///C:/Users/2403720/eclipse-workspace/CourseraAutomation/features/testCase006.feature:10)\r\n"},"stage":"finished","steps":[{"name":"Given the user is on the homepage","status":"passed","statusDetails":{"known":false,"muted":false,"flaky":false},"stage":"finished","steps":[],"attachments":[],"parameters":[],"start":1752555184896,"stop":1752555184898},{"name":"hooks.Hooks.addScreenshot(io.cucumber.java.Scenario)","status":"passed","statusDetails":{"known":false,"muted":false,"flaky":false},"stage":"finished","steps":[],"attachments":[],"parameters":[],"start":1752555184899,"stop":1752555184900},{"name":"Then the user navigates to the For Business section","status":"passed","statusDetails":{"known":false,"muted":false,"flaky":false},"stage":"finished","steps":[],"attachments":[],"parameters":[],"start":1752555184900,"stop":1752555200070},{"name":"hooks.Hooks.addScreenshot(io.cucumber.java.Scenario)","status":"passed","statusDetails":{"known":false,"muted":false,"flaky":false},"stage":"finished","steps":[],"attachments":[],"parameters":[],"start":1752555200071,"stop":1752555200072},{"name":"When the user selects the \"For Teams\" plan","status":"passed","statusDetails":{"known":false,"muted":false,"flaky":false},"stage":"finished","steps":[],"attachments":[],"parameters":[],"start":1752555200072,"stop":1752555218764},{"name":"hooks.Hooks.addScreenshot(io.cucumber.java.Scenario)","status":"passed","statusDetails":{"known":false,"muted":false,"flaky":false},"stage":"finished","steps":[],"attachments":[],"parameters":[],"start":1752555218764,"stop":1752555218764},{"name":"And enters a random number of users","status":"passed","statusDetails":{"known":false,"muted":false,"flaky":false},"stage":"finished","steps":[],"attachments":[],"parameters":[],"start":1752555218764,"stop":1752555230417},{"name":"hooks.Hooks.addScreenshot(io.cucumber.java.Scenario)","status":"passed","statusDetails":{"known":false,"muted":false,"flaky":false},"stage":"finished","steps":[],"attachments":[],"parameters":[],"start":1752555230417,"stop":1752555230417},{"name":"And selects the payment option","status":"passed","statusDetails":{"known":false,"muted":false,"flaky":false},"stage":"finished","steps":[],"attachments":[],"parameters":[],"start":1752555230417,"stop":1752555230570},{"name":"hooks.Hooks.addScreenshot(io.cucumber.java.Scenario)","status":"passed","statusDetails":{"known":false,"muted":false,"flaky":false},"stage":"finished","steps":[],"attachments":[],"parameters":[],"start":1752555230572,"stop":1752555230572},{"name":"Then the application should display the purchase summary","status":"failed","statusDetails":{"known":false,"muted":false,"flaky":false,"message":"expected [3190] but found [31901]","trace":"java.lang.AssertionError: expected [3190] but found [31901]\r\n\tat org.testng.Assert.fail(Assert.java:111)\r\n\tat org.testng.Assert.failNotEquals(Assert.java:1590)\r\n\tat org.testng.Assert.assertEqualsImpl(Assert.java:150)\r\n\tat org.testng.Assert.assertEquals(Assert.java:132)\r\n\tat org.testng.Assert.assertEquals(Assert.java:656)\r\n\tat org.testng.Assert.assertEquals(Assert.java:666)\r\n\tat stepsDefination.TestCase006.the_application_should_display_the_purchase_summary(TestCase006.java:79)\r\n\tat ✽.the application should display the purchase summary(file:///C:/Users/2403720/eclipse-workspace/CourseraAutomation/features/testCase006.feature:10)\r\n"},"stage":"finished","steps":[],"attachments":[],"parameters":[],"start":1752555230572,"stop":1752555232824},{"name":"hooks.Hooks.addScreenshot(io.cucumber.java.Scenario)","status":"passed","statusDetails":{"known":false,"muted":false,"flaky":false},"stage":"finished","steps":[],"attachments":[{"name":"Failure Screenshot","source":"b052868d-812c-4e4d-9b7d-494b3a705395-attachment","type":"image/png"}],"parameters":[],"start":1752555232825,"stop":1752555233120}],"attachments":[],"parameters":[],"start":1752555174481,"stop":1752555233496}