{"uuid":"d0004e19-5e27-4c08-9bbb-ea851ee476fe","historyId":"ec96809f5d583d68bcabc6bf73fee32a","testCaseId":"ea0a7d6e8120ba0cf041bb2a64d94871","fullName":"features/testCase006.feature:3","labels":[{"name":"host","value":"LTIN541610"},{"name":"thread","value":"31764@LTIN541610.main(1)"},{"name":"feature","value":"For Business Plan Selection"},{"name":"story","value":"Select a business plan and display purchase summary"},{"name":"suite","value":"For Business Plan Selection"},{"name":"testClass","value":"Select a business plan and display purchase summary"},{"name":"framework","value":"cucumber4jvm"},{"name":"language","value":"java"},{"name":"gherkin_uri","value":"file:///C:/Users/2403720/eclipse-workspace/CourseraAutomation/features/testCase006.feature"},{"name":"package","value":"features.testCase006_feature.For Business Plan Selection"}],"links":[],"name":"Select a business plan and display purchase summary","status":"failed","statusDetails":{"known":false,"muted":false,"flaky":false,"message":"expected [3190] but found [31901]","trace":"java.lang.AssertionError: expected [3190] but found [31901]\r\n\tat org.testng.Assert.fail(Assert.java:111)\r\n\tat org.testng.Assert.failNotEquals(Assert.java:1590)\r\n\tat org.testng.Assert.assertEqualsImpl(Assert.java:150)\r\n\tat org.testng.Assert.assertEquals(Assert.java:132)\r\n\tat org.testng.Assert.assertEquals(Assert.java:656)\r\n\tat org.testng.Assert.assertEquals(Assert.java:666)\r\n\tat stepsDefination.TestCase006.the_application_should_display_the_purchase_summary(TestCase006.java:79)\r\n\tat ✽.the application should display the purchase summary(file:///C:/Users/2403720/eclipse-workspace/CourseraAutomation/features/testCase006.feature:9)\r\n"},"stage":"finished","steps":[{"name":"Given the user is on the homepage","status":"passed","statusDetails":{"known":false,"muted":false,"flaky":false},"stage":"finished","steps":[],"attachments":[],"parameters":[],"start":1752505317761,"stop":1752505317806},{"name":"hooks.Hooks.addScreenshot(io.cucumber.java.Scenario)","status":"passed","statusDetails":{"known":false,"muted":false,"flaky":false},"stage":"finished","steps":[],"attachments":[],"parameters":[],"start":1752505317807,"stop":1752505317810},{"name":"Then the user navigates to the For Business section","status":"passed","statusDetails":{"known":false,"muted":false,"flaky":false},"stage":"finished","steps":[],"attachments":[],"parameters":[],"start":1752505317811,"stop":1752505336163},{"name":"hooks.Hooks.addScreenshot(io.cucumber.java.Scenario)","status":"passed","statusDetails":{"known":false,"muted":false,"flaky":false},"stage":"finished","steps":[],"attachments":[],"parameters":[],"start":1752505336164,"stop":1752505336165},{"name":"When the user selects the \"For Teams\" plan","status":"passed","statusDetails":{"known":false,"muted":false,"flaky":false},"stage":"finished","steps":[],"attachments":[],"parameters":[],"start":1752505336167,"stop":1752505354215},{"name":"hooks.Hooks.addScreenshot(io.cucumber.java.Scenario)","status":"passed","statusDetails":{"known":false,"muted":false,"flaky":false},"stage":"finished","steps":[],"attachments":[],"parameters":[],"start":1752505354215,"stop":1752505354216},{"name":"And enters a random number of users","status":"passed","statusDetails":{"known":false,"muted":false,"flaky":false},"stage":"finished","steps":[],"attachments":[],"parameters":[],"start":1752505354218,"stop":1752505368218},{"name":"hooks.Hooks.addScreenshot(io.cucumber.java.Scenario)","status":"passed","statusDetails":{"known":false,"muted":false,"flaky":false},"stage":"finished","steps":[],"attachments":[],"parameters":[],"start":1752505368219,"stop":1752505368219},{"name":"And selects the payment option","status":"passed","statusDetails":{"known":false,"muted":false,"flaky":false},"stage":"finished","steps":[],"attachments":[],"parameters":[],"start":1752505368220,"stop":1752505368450},{"name":"hooks.Hooks.addScreenshot(io.cucumber.java.Scenario)","status":"passed","statusDetails":{"known":false,"muted":false,"flaky":false},"stage":"finished","steps":[],"attachments":[],"parameters":[],"start":1752505368451,"stop":1752505368451},{"name":"Then the application should display the purchase summary","status":"failed","statusDetails":{"known":false,"muted":false,"flaky":false,"message":"expected [3190] but found [31901]","trace":"java.lang.AssertionError: expected [3190] but found [31901]\r\n\tat org.testng.Assert.fail(Assert.java:111)\r\n\tat org.testng.Assert.failNotEquals(Assert.java:1590)\r\n\tat org.testng.Assert.assertEqualsImpl(Assert.java:150)\r\n\tat org.testng.Assert.assertEquals(Assert.java:132)\r\n\tat org.testng.Assert.assertEquals(Assert.java:656)\r\n\tat org.testng.Assert.assertEquals(Assert.java:666)\r\n\tat stepsDefination.TestCase006.the_application_should_display_the_purchase_summary(TestCase006.java:79)\r\n\tat ✽.the application should display the purchase summary(file:///C:/Users/2403720/eclipse-workspace/CourseraAutomation/features/testCase006.feature:9)\r\n"},"stage":"finished","steps":[],"attachments":[],"parameters":[],"start":1752505368452,"stop":1752505371119},{"name":"hooks.Hooks.addScreenshot(io.cucumber.java.Scenario)","status":"passed","statusDetails":{"known":false,"muted":false,"flaky":false},"stage":"finished","steps":[],"attachments":[{"name":"Failure Screenshot","source":"db214237-dde4-4974-a94e-525293b52665-attachment","type":"image/png"}],"parameters":[],"start":1752505371120,"stop":1752505371490}],"attachments":[],"parameters":[],"start":1752505308108,"stop":1752505372104}